# JRE version: OpenJDK Runtime Environment (16.0.2+7) (build 16.0.2+7-67)
# Java VM: OpenJDK 64-Bit Server VM (16.0.2+7-67, mixed mode, tiered, compressed oops, compressed class ptrs, g1 gc, windows-amd64)
GC Precious Log:
 CPUs: 4 total, 4 available
 Memory: 8106M
 Large Page Support: Disabled
 NUMA Support: Disabled
 Compressed Oops: Enabled (32-bit)
 Heap Region Size: 1M
 Heap Min Capacity: 8M
 Heap Initial Capacity: 128M
 Heap Max Capacity: 2028M
 Pre-touch: Disabled
 Parallel Workers: 4
 Concurrent Workers: 1
 Concurrent Refinement Workers: 4
 Periodic GC: Disabled
Heap:
 garbage-first heap   total 86016K, used 34294K [0x0000000081400000, 0x0000000100000000)
  region size 1024K, 8 young (8192K), 0 survivors (0K)
 Metaspace       used 72309K, committed 73600K, reserved 1114112K
  class space    used 9370K, committed 10048K, reserved 1048576K
GC Heap History (20 events):
Event: 805.112 GC heap before
{Heap before GC invocations=79 (full 16):
 garbage-first heap   total 86016K, used 67709K [0x0000000081400000, 0x0000000100000000)
  region size 1024K, 42 young (43008K), 0 survivors (0K)
 Metaspace       used 71098K, committed 72384K, reserved 1114112K
  class space    used 9250K, committed 9920K, reserved 1048576K
}
Event: 805.117 GC heap after
{Heap after GC invocations=80 (full 16):
 garbage-first heap   total 86016K, used 28256K [0x0000000081400000, 0x0000000100000000)
  region size 1024K, 3 young (3072K), 3 survivors (3072K)
 Metaspace       used 71098K, committed 72384K, reserved 1114112K
  class space    used 9250K, committed 9920K, reserved 1048576K
}
Event: 805.654 GC heap before
{Heap before GC invocations=80 (full 16):
 garbage-first heap   total 86016K, used 67168K [0x0000000081400000, 0x0000000100000000)
  region size 1024K, 42 young (43008K), 3 survivors (3072K)
 Metaspace       used 71170K, committed 72448K, reserved 1114112K
  class space    used 9257K, committed 9920K, reserved 1048576K
}
Event: 805.659 GC heap after
{Heap after GC invocations=81 (full 16):
 garbage-first heap   total 86016K, used 29316K [0x0000000081400000, 0x0000000100000000)
  region size 1024K, 4 young (4096K), 4 survivors (4096K)
 Metaspace       used 71170K, committed 72448K, reserved 1114112K
  class space    used 9257K, committed 9920K, reserved 1048576K
}
Event: 824.420 GC heap before
{Heap before GC invocations=81 (full 16):
 garbage-first heap   total 86016K, used 60036K [0x0000000081400000, 0x0000000100000000)
  region size 1024K, 35 young (35840K), 4 survivors (4096K)
 Metaspace       used 71412K, committed 72640K, reserved 1114112K
  class space    used 9270K, committed 9920K, reserved 1048576K
}
Event: 824.482 GC heap after
{Heap after GC invocations=82 (full 17):
 garbage-first heap   total 86016K, used 25972K [0x0000000081400000, 0x0000000100000000)
  region size 1024K, 0 young (0K), 0 survivors (0K)
 Metaspace       used 71410K, committed 72640K, reserved 1114112K
  class space    used 9270K, committed 9920K, reserved 1048576K
}
Event: 824.877 GC heap before
{Heap before GC invocations=82 (full 17):
 garbage-first heap   total 86016K, used 68980K [0x0000000081400000, 0x0000000100000000)
  region size 1024K, 43 young (44032K), 0 survivors (0K)
 Metaspace       used 71496K, committed 72704K, reserved 1114112K
  class space    used 9285K, committed 9920K, reserved 1048576K
}
Event: 824.880 GC heap after
{Heap after GC invocations=83 (full 17):
 garbage-first heap   total 86016K, used 28647K [0x0000000081400000, 0x0000000100000000)
  region size 1024K, 3 young (3072K), 3 survivors (3072K)
 Metaspace       used 71496K, committed 72704K, reserved 1114112K
  class space    used 9285K, committed 9920K, reserved 1048576K
}
Event: 825.371 GC heap before
{Heap before GC invocations=83 (full 17):
 garbage-first heap   total 86016K, used 68583K [0x0000000081400000, 0x0000000100000000)
  region size 1024K, 43 young (44032K), 3 survivors (3072K)
 Metaspace       used 71647K, committed 72960K, reserved 1114112K
  class space    used 9295K, committed 9984K, reserved 1048576K
}
Event: 825.375 GC heap after
{Heap after GC invocations=84 (full 17):
 garbage-first heap   total 86016K, used 29688K [0x0000000081400000, 0x0000000100000000)
  region size 1024K, 4 young (4096K), 4 survivors (4096K)
 Metaspace       used 71647K, committed 72960K, reserved 1114112K
  class space    used 9295K, committed 9984K, reserved 1048576K
}
Event: 831.138 GC heap before
{Heap before GC invocations=84 (full 17):
 garbage-first heap   total 86016K, used 57336K [0x0000000081400000, 0x0000000100000000)
  region size 1024K, 32 young (32768K), 4 survivors (4096K)
 Metaspace       used 71774K, committed 73088K, reserved 1114112K
  class space    used 9305K, committed 9984K, reserved 1048576K
}
Event: 831.199 GC heap after
{Heap after GC invocations=85 (full 18):
 garbage-first heap   total 86016K, used 26206K [0x0000000081400000, 0x0000000100000000)
  region size 1024K, 0 young (0K), 0 survivors (0K)
 Metaspace       used 71772K, committed 73088K, reserved 1114112K
  class space    used 9304K, committed 9984K, reserved 1048576K
}
Event: 831.612 GC heap before
{Heap before GC invocations=85 (full 18):
 garbage-first heap   total 86016K, used 67166K [0x0000000081400000, 0x0000000100000000)
  region size 1024K, 41 young (41984K), 0 survivors (0K)
 Metaspace       used 71858K, committed 73152K, reserved 1114112K
  class space    used 9319K, committed 9984K, reserved 1048576K
}
Event: 831.615 GC heap after
{Heap after GC invocations=86 (full 18):
 garbage-first heap   total 86016K, used 28909K [0x0000000081400000, 0x0000000100000000)
  region size 1024K, 3 young (3072K), 3 survivors (3072K)
 Metaspace       used 71858K, committed 73152K, reserved 1114112K
  class space    used 9319K, committed 9984K, reserved 1048576K
}
Event: 831.819 GC heap before
{Heap before GC invocations=86 (full 18):
 garbage-first heap   total 86016K, used 66797K [0x0000000081400000, 0x0000000100000000)
  region size 1024K, 41 young (41984K), 3 survivors (3072K)
 Metaspace       used 71895K, committed 73152K, reserved 1114112K
  class space    used 9322K, committed 9984K, reserved 1048576K
}
Event: 831.827 GC heap after
{Heap after GC invocations=87 (full 18):
 garbage-first heap   total 86016K, used 29538K [0x0000000081400000, 0x0000000100000000)
  region size 1024K, 4 young (4096K), 4 survivors (4096K)
 Metaspace       used 71895K, committed 73152K, reserved 1114112K
  class space    used 9322K, committed 9984K, reserved 1048576K
}
Event: 914.818 GC heap before
{Heap before GC invocations=87 (full 18):
 garbage-first heap   total 86016K, used 68450K [0x0000000081400000, 0x0000000100000000)
  region size 1024K, 42 young (43008K), 4 survivors (4096K)
 Metaspace       used 72126K, committed 73472K, reserved 1114112K
  class space    used 9342K, committed 10048K, reserved 1048576K
}
Event: 914.824 GC heap after
{Heap after GC invocations=88 (full 18):
 garbage-first heap   total 86016K, used 30741K [0x0000000081400000, 0x0000000100000000)
  region size 1024K, 5 young (5120K), 5 survivors (5120K)
 Metaspace       used 72126K, committed 73472K, reserved 1114112K
  class space    used 9342K, committed 10048K, reserved 1048576K
}
Event: 976.133 GC heap before
{Heap before GC invocations=88 (full 18):
 garbage-first heap   total 86016K, used 35861K [0x0000000081400000, 0x0000000100000000)
  region size 1024K, 11 young (11264K), 5 survivors (5120K)
 Metaspace       used 72137K, committed 73472K, reserved 1114112K
  class space    used 9343K, committed 10048K, reserved 1048576K
}
Event: 976.205 GC heap after
{Heap after GC invocations=89 (full 19):
 garbage-first heap   total 86016K, used 27126K [0x0000000081400000, 0x0000000100000000)
  region size 1024K, 0 young (0K), 0 survivors (0K)
 Metaspace       used 72134K, committed 73472K, reserved 1114112K
  class space    used 9343K, committed 10048K, reserved 1048576K
}

